<?xml version="1.0" encoding="UTF-8"?>
<robot generator="Robot 3.1.2 (Python 3.8.1 on win32)" generated="20200227 12:25:26.584" rpa="false">
<suite id="s1" name="RobotProject" source="C:\Java\eclipse-workspace\RobotProject">
<suite id="s1-s1" name="Test" source="C:\Java\eclipse-workspace\RobotProject\test">
<suite id="s1-s1-s1" name="TestSuite" source="C:\Java\eclipse-workspace\RobotProject\test\TestSuite.robot">
<kw name="Log" library="BuiltIn" type="setup">
<doc>Logs the given message with the given level.</doc>
<arguments>
<arg>Estoy dentro del Test Suite Setup</arg>
</arguments>
<msg timestamp="20200227 12:25:27.306" level="INFO">Estoy dentro del Test Suite Setup</msg>
<status status="PASS" starttime="20200227 12:25:27.305" endtime="20200227 12:25:27.307"></status>
</kw>
<test id="s1-s1-s1-t1" name="FileUpload">
<kw name="Log" library="BuiltIn" type="setup">
<doc>Logs the given message with the given level.</doc>
<arguments>
<arg>Estoy dentro del Test Setup</arg>
</arguments>
<msg timestamp="20200227 12:25:27.312" level="INFO">Estoy dentro del Test Setup</msg>
<status status="PASS" starttime="20200227 12:25:27.311" endtime="20200227 12:25:27.312"></status>
</kw>
<kw name="Open Browser" library="SeleniumLibrary">
<doc>Opens a new browser instance to the optional ``url``.</doc>
<arguments>
<arg>${UPL}</arg>
<arg>browser=chrome</arg>
</arguments>
<msg timestamp="20200227 12:25:27.314" level="INFO">Opening browser 'chrome' to base url 'https://localhost:44364/'.</msg>
<status status="PASS" starttime="20200227 12:25:27.313" endtime="20200227 12:25:33.125"></status>
</kw>
<kw name="Set Browser Implicit Wait" library="SeleniumLibrary">
<doc>Sets the implicit wait value used by Selenium.</doc>
<arguments>
<arg>5</arg>
</arguments>
<status status="PASS" starttime="20200227 12:25:33.126" endtime="20200227 12:25:33.131"></status>
</kw>
<kw name="Choose File" library="SeleniumLibrary">
<doc>Inputs the ``file_path`` into the file input field ``locator``.</doc>
<arguments>
<arg>id=files</arg>
<arg>C://Temporal/Excel.xlsx</arg>
</arguments>
<msg timestamp="20200227 12:25:33.134" level="INFO">Sending C:\Temporal\Excel.xlsx to browser.</msg>
<status status="PASS" starttime="20200227 12:25:33.132" endtime="20200227 12:25:33.214"></status>
</kw>
<kw name="Click Button" library="SeleniumLibrary">
<doc>Clicks the button identified by ``locator``.</doc>
<arguments>
<arg>id=upload</arg>
</arguments>
<msg timestamp="20200227 12:25:33.216" level="INFO">Clicking button 'id=upload'.</msg>
<status status="PASS" starttime="20200227 12:25:33.215" endtime="20200227 12:25:33.579"></status>
</kw>
<kw name="Sleep" library="BuiltIn">
<doc>Pauses the test executed for the given time.</doc>
<arguments>
<arg>5</arg>
</arguments>
<msg timestamp="20200227 12:25:38.582" level="INFO">Slept 5 seconds</msg>
<status status="PASS" starttime="20200227 12:25:33.580" endtime="20200227 12:25:38.582"></status>
</kw>
<kw name="Close Browser" library="SeleniumLibrary">
<doc>Closes the current browser.</doc>
<status status="PASS" starttime="20200227 12:25:38.583" endtime="20200227 12:25:40.734"></status>
</kw>
<kw name="Log To Console" library="BuiltIn">
<doc>Logs the given message to the console.</doc>
<arguments>
<arg>Test completado</arg>
</arguments>
<status status="PASS" starttime="20200227 12:25:40.735" endtime="20200227 12:25:40.736"></status>
</kw>
<kw name="Log" library="BuiltIn" type="teardown">
<doc>Logs the given message with the given level.</doc>
<arguments>
<arg>Estoy dentro del Test Teardown</arg>
</arguments>
<msg timestamp="20200227 12:25:40.738" level="INFO">Estoy dentro del Test Teardown</msg>
<status status="PASS" starttime="20200227 12:25:40.737" endtime="20200227 12:25:40.738"></status>
</kw>
<tags>
<tag>sanity</tag>
</tags>
<status status="PASS" starttime="20200227 12:25:27.308" endtime="20200227 12:25:40.739" critical="yes"></status>
</test>
<kw name="Log" library="BuiltIn" type="teardown">
<doc>Logs the given message with the given level.</doc>
<arguments>
<arg>Estoy dentro del Test Suite Teardown</arg>
</arguments>
<msg timestamp="20200227 12:25:40.742" level="INFO">Estoy dentro del Test Suite Teardown</msg>
<status status="PASS" starttime="20200227 12:25:40.741" endtime="20200227 12:25:40.742"></status>
</kw>
<status status="PASS" starttime="20200227 12:25:26.762" endtime="20200227 12:25:40.743"></status>
</suite>
<status status="PASS" starttime="20200227 12:25:26.755" endtime="20200227 12:25:40.749"></status>
</suite>
<status status="PASS" starttime="20200227 12:25:26.673" endtime="20200227 12:25:40.754"></status>
</suite>
<statistics>
<total>
<stat pass="1" fail="0">Critical Tests</stat>
<stat pass="1" fail="0">All Tests</stat>
</total>
<tag>
<stat pass="1" fail="0">sanity</stat>
</tag>
<suite>
<stat pass="1" fail="0" id="s1" name="RobotProject">RobotProject</stat>
<stat pass="1" fail="0" id="s1-s1" name="Test">RobotProject.Test</stat>
<stat pass="1" fail="0" id="s1-s1-s1" name="TestSuite">RobotProject.Test.TestSuite</stat>
</suite>
</statistics>
<errors>
<msg timestamp="20200227 12:25:26.560" level="WARN">Collapsing consecutive whitespace during parsing is deprecated. Fix ' *** Settings ***' in file 'C:\Java\eclipse-workspace\RobotProject\test\TestSuite.robot' on line 1.</msg>
</errors>
</robot>
